DEPRECATED: The legacy builder is deprecated and will be removed in a future release.
            Install the buildx component to build images with BuildKit:
            https://docs.docker.com/go/buildx/

Sending build context to Docker daemon  57.59MB
Step 1/11 : FROM maven:3.9-eclipse-temurin-17 AS builder
 ---> a78248363059
Step 2/11 : WORKDIR /app
 ---> Running in fef6edd09ec2
 ---> Removed intermediate container fef6edd09ec2
 ---> 04237c75c621
Step 3/11 : COPY . .
 ---> c3c2f5b33692
Step 4/11 : RUN mvn clean package spring-boot:repackage -DskipTests
 ---> Running in 62d4a13d825a
[INFO] Scanning for projects...
[ERROR] [ERROR] Some problems were encountered while processing the POMs:
[FATAL] Non-resolvable parent POM for com.example.hotelbooking:discovery_service:1.0-SNAPSHOT: The following artifacts could not be resolved: com.example.hotelbooking:hotelbooking:pom:1.0-SNAPSHOT (absent): Could not find artifact com.example.hotelbooking:hotelbooking:pom:1.0-SNAPSHOT and 'parent.relativePath' points at wrong local POM @ line 5, column 13
 @ 
[ERROR] The build could not read 1 project -> [Help 1]
[ERROR]   
[ERROR]   The project com.example.hotelbooking:discovery_service:1.0-SNAPSHOT (/app/pom.xml) has 1 error
[ERROR]     Non-resolvable parent POM for com.example.hotelbooking:discovery_service:1.0-SNAPSHOT: The following artifacts could not be resolved: com.example.hotelbooking:hotelbooking:pom:1.0-SNAPSHOT (absent): Could not find artifact com.example.hotelbooking:hotelbooking:pom:1.0-SNAPSHOT and 'parent.relativePath' points at wrong local POM @ line 5, column 13 -> [Help 2]
[ERROR] 
[ERROR] To see the full stack trace of the errors, re-run Maven with the -e switch.
[ERROR] Re-run Maven using the -X switch to enable full debug logging.
[ERROR] 
[ERROR] For more information about the errors and possible solutions, please read the following articles:
[ERROR] [Help 1] http://cwiki.apache.org/confluence/display/MAVEN/ProjectBuildingException
[ERROR] [Help 2] http://cwiki.apache.org/confluence/display/MAVEN/UnresolvableModelException
The command '/bin/sh -c mvn clean package spring-boot:repackage -DskipTests' returned a non-zero code: 1
